The following modules were not unloaded:
  (Use "module --force purge" to unload all):

  1) csc-tools
Restoring modules from user's py393
script: INFO: Loading file: /scratch/pjohanss/arawling/collisionless_merger/mergers/HMQcubes/H-H-3.0-0.001/HMQ-cube-H-H-3.0-0.001-000.hdf5
script: INFO: Loading file: /scratch/pjohanss/arawling/collisionless_merger/mergers/HMQcubes/H-H-3.0-0.001/HMQ-cube-H-H-3.0-0.001-001.hdf5
script: INFO: Loading file: /scratch/pjohanss/arawling/collisionless_merger/mergers/HMQcubes/H-H-3.0-0.001/HMQ-cube-H-H-3.0-0.001-002.hdf5
script: INFO: Loading file: /scratch/pjohanss/arawling/collisionless_merger/mergers/HMQcubes/H-H-3.0-0.001/HMQ-cube-H-H-3.0-0.001-003.hdf5
script: INFO: Loading file: /scratch/pjohanss/arawling/collisionless_merger/mergers/HMQcubes/H-H-3.0-0.001/HMQ-cube-H-H-3.0-0.001-004.hdf5
script: INFO: Loading file: /scratch/pjohanss/arawling/collisionless_merger/mergers/HMQcubes/H-H-3.0-0.001/HMQ-cube-H-H-3.0-0.001-005.hdf5
script: INFO: Loading file: /scratch/pjohanss/arawling/collisionless_merger/mergers/HMQcubes/H-H-3.0-0.001/HMQ-cube-H-H-3.0-0.001-006.hdf5
script: INFO: Loading file: /scratch/pjohanss/arawling/collisionless_merger/mergers/HMQcubes/H-H-3.0-0.001/HMQ-cube-H-H-3.0-0.001-007.hdf5
script: INFO: Loading file: /scratch/pjohanss/arawling/collisionless_merger/mergers/HMQcubes/H-H-3.0-0.001/HMQ-cube-H-H-3.0-0.001-008.hdf5
script: INFO: Loading file: /scratch/pjohanss/arawling/collisionless_merger/mergers/HMQcubes/H-H-3.0-0.001/HMQ-cube-H-H-3.0-0.001-009.hdf5
script: INFO: Number of simulations with usable data: 10
cm_funcs:StanModel: INFO: Applying transformation designated by log10_R
cm_funcs:StanModel: INFO: Applying transformation designated by log10_proj_density
cm_funcs:StanModel: INFO: Applying transformation designated by log10_proj_density_mean
cm_funcs:StanModel: INFO: Applying transformation designated by log10_proj_density_std
INFO:cmdstanpy:found newer exe file, not recompiling
INFO:cmdstanpy:CmdStan start processing
INFO:cmdstanpy:Chain [1] start processing
INFO:cmdstanpy:Chain [2] start processing
INFO:cmdstanpy:Chain [3] start processing
INFO:cmdstanpy:Chain [4] start processing
INFO:cmdstanpy:Chain [4] done processing
INFO:cmdstanpy:Chain [2] done processing
INFO:cmdstanpy:Chain [1] done processing
INFO:cmdstanpy:Chain [3] done processing
cm_funcs:StanModel: INFO: 
                 Mean      MCSE   StdDev  ...    N_Eff  N_Eff/s   R_hat
name                                      ...                          
lp__         -47.0200  0.189500  6.85400  ...   1308.0   0.8676  1.0020
r_b_a          2.0440  0.005029  0.52460  ...  10880.0   7.2190  0.9998
r_b_b          1.6500  0.003699  0.40670  ...  12090.0   8.0190  0.9997
Re_a          18.6600  0.022410  2.26400  ...  10200.0   6.7700  0.9996
Re_b           1.6110  0.002012  0.19830  ...   9714.0   6.4450  0.9997
...               ...       ...      ...  ...      ...      ...     ...
log_lik[496]   1.9880  0.001029  0.06507  ...   4002.0   2.6550  1.0020
log_lik[497]   1.7910  0.001291  0.08330  ...   4162.0   2.7620  1.0010
log_lik[498]   1.5160  0.001807  0.13630  ...   5688.0   3.7740  1.0000
log_lik[499]   1.0690  0.002962  0.25290  ...   7289.0   4.8360  1.0000
log_lik[500]  -0.7972  0.005776  0.53240  ...   8496.0   5.6370  1.0000

[2066 rows x 9 columns]
cm_funcs:StanModel: INFO: 
Processing csv files: /scratch/pjohanss/arawling/collisionless_merger/stan_files/H-H-3.0-0.001/graham-20221020221225_1.csv, /scratch/pjohanss/arawling/collisionless_merger/stan_files/H-H-3.0-0.001/graham-20221020221225_2.csv, /scratch/pjohanss/arawling/collisionless_merger/stan_files/H-H-3.0-0.001/graham-20221020221225_3.csv, /scratch/pjohanss/arawling/collisionless_merger/stan_files/H-H-3.0-0.001/graham-20221020221225_4.csv

Checking sampler transitions treedepth.
Treedepth satisfactory for all transitions.

Checking sampler transitions for divergences.
No divergent transitions found.

Checking E-BFMI - sampler transitions HMC potential energy.
E-BFMI satisfactory.

Effective sample size satisfactory.

Split R-hat values satisfactory all parameters.

Processing complete, no problems detected.

cm_funcs:StanModel: INFO: Fitting level 99
cm_funcs:StanModel: INFO: Fitting level 95
cm_funcs:StanModel: INFO: Fitting level 90
cm_funcs:StanModel: INFO: Fitting level 50
INFO:cmdstanpy:Chain [1] start processing
INFO:cmdstanpy:Chain [2] start processing
INFO:cmdstanpy:Chain [3] start processing
INFO:cmdstanpy:Chain [4] start processing
INFO:cmdstanpy:Chain [1] done processing
INFO:cmdstanpy:Chain [2] done processing
INFO:cmdstanpy:Chain [3] done processing
INFO:cmdstanpy:Chain [4] done processing
Computed from 8000 posterior samples and 500 observations log-likelihood matrix.

         Estimate       SE
elpd_loo  1046.14    17.16
p_loo       14.02        -

There has been a warning during the calculation. Please check the results.
------

Pareto k diagnostic values:
                         Count   Pct.
(-Inf, 0.5]   (good)      496   99.2%
 (0.5, 0.7]   (ok)          3    0.6%
   (0.7, 1]   (bad)         1    0.2%
   (1, Inf)   (very bad)    0    0.0%


 Variable       5%      50%     95%     IQR
--------------------------------------------
    r_b_a:   1.254   2.002   2.978  0.6839999999999999
    r_b_b:   1.045   1.619   2.367    0.54
     Re_a:   15.08    18.6   22.59  3.0199999999999996
     Re_b:   1.297   1.604   1.951  0.26900000000000013
    I_b_a:   5.278   6.937   8.952  1.5030000000000001
    I_b_b:   5.762   7.733   10.03  1.7199999999999998
      g_a:  0.2967    0.65   1.178  0.36589999999999995
      g_b:     1.5   3.147   5.546  1.6729999999999996
      n_a:   4.498   6.419   8.822  1.7430000000000003
      n_b:   1.607    2.39   3.419  0.7630000000000003


      Variable       5%      50%     95%     IQR
-------------------------------------------------
 r_b_posterior:  0.1868  1.0579  3.0689  1.1146000000000003
  Re_posterior:  7.4251  11.415  16.5954  3.6853999999999996
 I_b_posterior:  0.4015  0.8575  1.5556  0.4647000000000001
   g_posterior:  0.0012  0.1175  0.8172  0.2606
   n_posterior:   1.156  2.5577   4.867  1.4640000000000002

INFO:cmdstanpy:deleting tmpfiles dir: /tmp/arawling/1556136/tmpwcvr7d_6
INFO:cmdstanpy:done
script: INFO: Loading file: /scratch/pjohanss/arawling/collisionless_merger/mergers/HMQcubes/H0500-H0500-3.0-0.001/HMQ-cube-H0500-H0500-3.0-0.001-000.hdf5
script: INFO: Loading file: /scratch/pjohanss/arawling/collisionless_merger/mergers/HMQcubes/H0500-H0500-3.0-0.001/HMQ-cube-H0500-H0500-3.0-0.001-001.hdf5
script: INFO: Loading file: /scratch/pjohanss/arawling/collisionless_merger/mergers/HMQcubes/H0500-H0500-3.0-0.001/HMQ-cube-H0500-H0500-3.0-0.001-002.hdf5
script: INFO: Loading file: /scratch/pjohanss/arawling/collisionless_merger/mergers/HMQcubes/H0500-H0500-3.0-0.001/HMQ-cube-H0500-H0500-3.0-0.001-003.hdf5
script: INFO: Loading file: /scratch/pjohanss/arawling/collisionless_merger/mergers/HMQcubes/H0500-H0500-3.0-0.001/HMQ-cube-H0500-H0500-3.0-0.001-004.hdf5
script: INFO: Loading file: /scratch/pjohanss/arawling/collisionless_merger/mergers/HMQcubes/H0500-H0500-3.0-0.001/HMQ-cube-H0500-H0500-3.0-0.001-005.hdf5
script: INFO: Loading file: /scratch/pjohanss/arawling/collisionless_merger/mergers/HMQcubes/H0500-H0500-3.0-0.001/HMQ-cube-H0500-H0500-3.0-0.001-006.hdf5
script: INFO: Loading file: /scratch/pjohanss/arawling/collisionless_merger/mergers/HMQcubes/H0500-H0500-3.0-0.001/HMQ-cube-H0500-H0500-3.0-0.001-007.hdf5
cm_funcs:general: ERROR: Value is smaller than the smallest array value!
Traceback (most recent call last):
  File "/users/arawling/projects/collisionless-merger-sample/code/cm_functions/general/general.py", line 141, in get_idx_in_array
    raise AssertionError
AssertionError
cm_funcs:general: ERROR: Value is smaller than the smallest array value!
Traceback (most recent call last):
  File "/users/arawling/projects/collisionless-merger-sample/code/cm_functions/general/general.py", line 141, in get_idx_in_array
    raise AssertionError
AssertionError
cm_funcs:general: ERROR: Value is smaller than the smallest array value!
Traceback (most recent call last):
  File "/users/arawling/projects/collisionless-merger-sample/code/cm_functions/general/general.py", line 141, in get_idx_in_array
    raise AssertionError
AssertionError
script: WARNING: Trying to search for value 0.01, but an AssertionError was thrown. The array bounds are 0.18818651032926745 - 0.18818651032926745. This run will not form part of the analysis.
script: INFO: Loading file: /scratch/pjohanss/arawling/collisionless_merger/mergers/HMQcubes/H0500-H0500-3.0-0.001/HMQ-cube-H0500-H0500-3.0-0.001-008.hdf5
script: INFO: Loading file: /scratch/pjohanss/arawling/collisionless_merger/mergers/HMQcubes/H0500-H0500-3.0-0.001/HMQ-cube-H0500-H0500-3.0-0.001-009.hdf5
script: INFO: Number of simulations with usable data: 9
cm_funcs:StanModel: INFO: Applying transformation designated by log10_R
cm_funcs:StanModel: INFO: Applying transformation designated by log10_proj_density
cm_funcs:StanModel: INFO: Applying transformation designated by log10_proj_density_mean
cm_funcs:StanModel: INFO: Applying transformation designated by log10_proj_density_std
INFO:cmdstanpy:found newer exe file, not recompiling
INFO:cmdstanpy:CmdStan start processing
INFO:cmdstanpy:Chain [1] start processing
INFO:cmdstanpy:Chain [2] start processing
INFO:cmdstanpy:Chain [3] start processing
INFO:cmdstanpy:Chain [4] start processing
INFO:cmdstanpy:Chain [4] done processing
INFO:cmdstanpy:Chain [1] done processing
INFO:cmdstanpy:Chain [3] done processing
INFO:cmdstanpy:Chain [2] done processing
cm_funcs:StanModel: INFO: 
                 Mean      MCSE   StdDev  ...    N_Eff  N_Eff/s   R_hat
name                                      ...                          
lp__         -26.1100  0.232700  6.48200  ...    776.1   0.5176  1.0060
r_b_a          1.9680  0.005159  0.52190  ...  10230.0   6.8230  0.9997
r_b_b          1.5990  0.003780  0.40210  ...  11310.0   7.5460  0.9998
Re_a          19.0400  0.024570  2.36300  ...   9249.0   6.1680  0.9997
Re_b           1.7800  0.002244  0.22010  ...   9618.0   6.4140  0.9999
...               ...       ...      ...  ...      ...      ...     ...
log_lik[446]   2.0450  0.001022  0.06513  ...   4059.0   2.7070  1.0000
log_lik[447]   1.7360  0.001023  0.06389  ...   3901.0   2.6020  1.0000
log_lik[448]   1.4080  0.001193  0.07961  ...   4454.0   2.9710  1.0000
log_lik[449]   1.0250  0.001887  0.13800  ...   5349.0   3.5670  0.9999
log_lik[450]  -0.5366  0.004839  0.37760  ...   6086.0   4.0590  0.9998

[1861 rows x 9 columns]
cm_funcs:StanModel: INFO: 
Processing csv files: /scratch/pjohanss/arawling/collisionless_merger/stan_files/H0500-H0500-3.0-0.001/graham-20221020224712_1.csv, /scratch/pjohanss/arawling/collisionless_merger/stan_files/H0500-H0500-3.0-0.001/graham-20221020224712_2.csv, /scratch/pjohanss/arawling/collisionless_merger/stan_files/H0500-H0500-3.0-0.001/graham-20221020224712_3.csv, /scratch/pjohanss/arawling/collisionless_merger/stan_files/H0500-H0500-3.0-0.001/graham-20221020224712_4.csv

Checking sampler transitions treedepth.
Treedepth satisfactory for all transitions.

Checking sampler transitions for divergences.
No divergent transitions found.

Checking E-BFMI - sampler transitions HMC potential energy.
E-BFMI satisfactory.

Effective sample size satisfactory.

Split R-hat values satisfactory all parameters.

Processing complete, no problems detected.

cm_funcs:StanModel: INFO: Fitting level 99
cm_funcs:StanModel: INFO: Fitting level 95
cm_funcs:StanModel: INFO: Fitting level 90
cm_funcs:StanModel: INFO: Fitting level 50
INFO:cmdstanpy:Chain [1] start processing
INFO:cmdstanpy:Chain [2] start processing
INFO:cmdstanpy:Chain [3] start processing
INFO:cmdstanpy:Chain [4] start processing
INFO:cmdstanpy:Chain [3] done processing
INFO:cmdstanpy:Chain [4] done processing
INFO:cmdstanpy:Chain [2] done processing
INFO:cmdstanpy:Chain [1] done processing
Computed from 8000 posterior samples and 450 observations log-likelihood matrix.

         Estimate       SE
elpd_loo   991.28    17.41
p_loo       10.73        -
------

Pareto k diagnostic values:
                         Count   Pct.
(-Inf, 0.5]   (good)      448   99.6%
 (0.5, 0.7]   (ok)          2    0.4%
   (0.7, 1]   (bad)         0    0.0%
   (1, Inf)   (very bad)    0    0.0%


 Variable       5%      50%     95%     IQR
--------------------------------------------
    r_b_a:   1.188   1.924   2.897  0.6869999999999998
    r_b_b:  0.9939   1.575   2.302  0.5369999999999999
     Re_a:   15.24   18.95   23.08  3.0799999999999983
     Re_b:   1.432   1.772   2.157  0.29100000000000015
    I_b_a:   5.213   6.856   8.859  1.4699999999999998
    I_b_b:   5.728   7.605   9.837   1.681
      g_a:  0.3409  0.7277   1.307  0.3869
      g_b:   1.525   3.124   5.362  1.5669999999999997
      n_a:   4.513   6.482   8.984   1.883
      n_b:   1.691   2.544   3.663  0.8199999999999998


      Variable       5%      50%     95%     IQR
-------------------------------------------------
 r_b_posterior:  0.1782   1.034  3.1923  1.1386
  Re_posterior:  6.7735  10.5449  15.299  3.4483999999999995
 I_b_posterior:  0.4055  0.8537  1.5761  0.4625999999999999
   g_posterior:  0.0023  0.1404  0.8491  0.2892
   n_posterior:  1.0974  2.4008  4.5778  1.3743

INFO:cmdstanpy:deleting tmpfiles dir: /tmp/arawling/1556136/tmpzgikci4f
INFO:cmdstanpy:done
script: INFO: Loading file: /scratch/pjohanss/arawling/collisionless_merger/mergers/HMQcubes/H0250-H0250-3.0-0.001/HMQ-cube-H0250-H0250-3.0-0.001-000.hdf5
script: INFO: Loading file: /scratch/pjohanss/arawling/collisionless_merger/mergers/HMQcubes/H0250-H0250-3.0-0.001/HMQ-cube-H0250-H0250-3.0-0.001-001.hdf5
script: INFO: Loading file: /scratch/pjohanss/arawling/collisionless_merger/mergers/HMQcubes/H0250-H0250-3.0-0.001/HMQ-cube-H0250-H0250-3.0-0.001-002.hdf5
script: INFO: Loading file: /scratch/pjohanss/arawling/collisionless_merger/mergers/HMQcubes/H0250-H0250-3.0-0.001/HMQ-cube-H0250-H0250-3.0-0.001-003.hdf5
script: INFO: Loading file: /scratch/pjohanss/arawling/collisionless_merger/mergers/HMQcubes/H0250-H0250-3.0-0.001/HMQ-cube-H0250-H0250-3.0-0.001-004.hdf5
script: INFO: Loading file: /scratch/pjohanss/arawling/collisionless_merger/mergers/HMQcubes/H0250-H0250-3.0-0.001/HMQ-cube-H0250-H0250-3.0-0.001-005.hdf5
script: INFO: Loading file: /scratch/pjohanss/arawling/collisionless_merger/mergers/HMQcubes/H0250-H0250-3.0-0.001/HMQ-cube-H0250-H0250-3.0-0.001-006.hdf5
script: INFO: Loading file: /scratch/pjohanss/arawling/collisionless_merger/mergers/HMQcubes/H0250-H0250-3.0-0.001/HMQ-cube-H0250-H0250-3.0-0.001-007.hdf5
script: INFO: Loading file: /scratch/pjohanss/arawling/collisionless_merger/mergers/HMQcubes/H0250-H0250-3.0-0.001/HMQ-cube-H0250-H0250-3.0-0.001-008.hdf5
script: INFO: Loading file: /scratch/pjohanss/arawling/collisionless_merger/mergers/HMQcubes/H0250-H0250-3.0-0.001/HMQ-cube-H0250-H0250-3.0-0.001-009.hdf5
script: INFO: Number of simulations with usable data: 10
cm_funcs:StanModel: INFO: Applying transformation designated by log10_R
cm_funcs:StanModel: INFO: Applying transformation designated by log10_proj_density
cm_funcs:StanModel: INFO: Applying transformation designated by log10_proj_density_mean
cm_funcs:StanModel: INFO: Applying transformation designated by log10_proj_density_std
INFO:cmdstanpy:found newer exe file, not recompiling
INFO:cmdstanpy:CmdStan start processing
INFO:cmdstanpy:Chain [1] start processing
INFO:cmdstanpy:Chain [2] start processing
INFO:cmdstanpy:Chain [3] start processing
INFO:cmdstanpy:Chain [4] start processing
INFO:cmdstanpy:Chain [2] done processing
INFO:cmdstanpy:Chain [3] done processing
INFO:cmdstanpy:Chain [1] done processing
INFO:cmdstanpy:Chain [4] done processing
cm_funcs:StanModel: INFO: 
                 Mean      MCSE   StdDev  ...    N_Eff  N_Eff/s   R_hat
name                                      ...                          
lp__         -51.4500  0.155200  6.17600  ...   1584.0    1.306  1.0030
r_b_a          2.4570  0.006557  0.63150  ...   9276.0    7.647  0.9999
r_b_b          1.3140  0.003280  0.33520  ...  10440.0    8.610  0.9997
Re_a          19.1700  0.022150  2.33300  ...  11100.0    9.148  0.9997
Re_b           1.7360  0.002026  0.21040  ...  10780.0    8.891  0.9998
...               ...       ...      ...  ...      ...      ...     ...
log_lik[496]   2.0780  0.000986  0.06742  ...   4672.0    3.852  1.0000
log_lik[497]   1.7050  0.000845  0.05928  ...   4923.0    4.059  1.0000
log_lik[498]   1.4240  0.001400  0.11090  ...   6280.0    5.177  0.9998
log_lik[499]   1.0330  0.001987  0.16580  ...   6962.0    5.740  0.9998
log_lik[500]  -0.7325  0.004624  0.40390  ...   7628.0    6.289  0.9998

[2066 rows x 9 columns]
cm_funcs:StanModel: INFO: 
Processing csv files: /scratch/pjohanss/arawling/collisionless_merger/stan_files/H0250-H0250-3.0-0.001/graham-20221020232602_1.csv, /scratch/pjohanss/arawling/collisionless_merger/stan_files/H0250-H0250-3.0-0.001/graham-20221020232602_2.csv, /scratch/pjohanss/arawling/collisionless_merger/stan_files/H0250-H0250-3.0-0.001/graham-20221020232602_3.csv, /scratch/pjohanss/arawling/collisionless_merger/stan_files/H0250-H0250-3.0-0.001/graham-20221020232602_4.csv

Checking sampler transitions treedepth.
Treedepth satisfactory for all transitions.

Checking sampler transitions for divergences.
No divergent transitions found.

Checking E-BFMI - sampler transitions HMC potential energy.
E-BFMI satisfactory.

Effective sample size satisfactory.

Split R-hat values satisfactory all parameters.

Processing complete, no problems detected.

cm_funcs:StanModel: INFO: Fitting level 99
cm_funcs:StanModel: INFO: Fitting level 95
cm_funcs:StanModel: INFO: Fitting level 90
cm_funcs:StanModel: INFO: Fitting level 50
INFO:cmdstanpy:Chain [1] start processing
INFO:cmdstanpy:Chain [2] start processing
INFO:cmdstanpy:Chain [3] start processing
INFO:cmdstanpy:Chain [4] start processing
INFO:cmdstanpy:Chain [2] done processing
INFO:cmdstanpy:Chain [1] done processing
INFO:cmdstanpy:Chain [3] done processing
INFO:cmdstanpy:Chain [4] done processing
Computed from 8000 posterior samples and 500 observations log-likelihood matrix.

         Estimate       SE
elpd_loo  1057.95    16.61
p_loo       14.89        -
------

Pareto k diagnostic values:
                         Count   Pct.
(-Inf, 0.5]   (good)      499   99.8%
 (0.5, 0.7]   (ok)          1    0.2%
   (0.7, 1]   (bad)         0    0.0%
   (1, Inf)   (very bad)    0    0.0%


 Variable       5%      50%     95%     IQR
--------------------------------------------
    r_b_a:   1.511   2.407   3.583   0.843
    r_b_b:  0.8084   1.288   1.889  0.45300000000000007
     Re_a:   15.47   19.08   23.22  3.0700000000000003
     Re_b:   1.398   1.731   2.094  0.28300000000000014
    I_b_a:   4.101   5.396   6.921  1.1400000000000006
    I_b_b:   6.173   8.145   10.61   1.822
      g_a:  0.4228  0.8009   1.364  0.37929999999999986
      g_b:   1.618   3.249   5.602   1.662
      n_a:   4.154   5.928   8.185  1.5870000000000006
      n_b:   1.614   2.427   3.433  0.7509999999999999


      Variable       5%      50%     95%     IQR
-------------------------------------------------
 r_b_posterior:   0.351  1.6129  4.3324  1.5735999999999999
  Re_posterior:  7.0309  10.8303  15.7416  3.549800000000001
 I_b_posterior:  0.2611  0.6208  1.2364  0.38830000000000003
   g_posterior:  0.0046  0.1613  0.9312  0.3141
   n_posterior:  1.0122  2.3045  4.4377  1.3809

INFO:cmdstanpy:deleting tmpfiles dir: /tmp/arawling/1556136/tmpyrg0hcqc
INFO:cmdstanpy:done
script: INFO: Loading file: /scratch/pjohanss/arawling/collisionless_merger/mergers/HMQcubes/H0100-H0100-3.0-0.001/HMQ-cube-H0100-H0100-3.0-0.001-000.hdf5
script: INFO: Loading file: /scratch/pjohanss/arawling/collisionless_merger/mergers/HMQcubes/H0100-H0100-3.0-0.001/HMQ-cube-H0100-H0100-3.0-0.001-001.hdf5
script: INFO: Loading file: /scratch/pjohanss/arawling/collisionless_merger/mergers/HMQcubes/H0100-H0100-3.0-0.001/HMQ-cube-H0100-H0100-3.0-0.001-002.hdf5
script: INFO: Loading file: /scratch/pjohanss/arawling/collisionless_merger/mergers/HMQcubes/H0100-H0100-3.0-0.001/HMQ-cube-H0100-H0100-3.0-0.001-003.hdf5
script: INFO: Loading file: /scratch/pjohanss/arawling/collisionless_merger/mergers/HMQcubes/H0100-H0100-3.0-0.001/HMQ-cube-H0100-H0100-3.0-0.001-004.hdf5
script: INFO: Loading file: /scratch/pjohanss/arawling/collisionless_merger/mergers/HMQcubes/H0100-H0100-3.0-0.001/HMQ-cube-H0100-H0100-3.0-0.001-005.hdf5
script: INFO: Loading file: /scratch/pjohanss/arawling/collisionless_merger/mergers/HMQcubes/H0100-H0100-3.0-0.001/HMQ-cube-H0100-H0100-3.0-0.001-006.hdf5
script: INFO: Loading file: /scratch/pjohanss/arawling/collisionless_merger/mergers/HMQcubes/H0100-H0100-3.0-0.001/HMQ-cube-H0100-H0100-3.0-0.001-007.hdf5
script: INFO: Loading file: /scratch/pjohanss/arawling/collisionless_merger/mergers/HMQcubes/H0100-H0100-3.0-0.001/HMQ-cube-H0100-H0100-3.0-0.001-008.hdf5
script: INFO: Loading file: /scratch/pjohanss/arawling/collisionless_merger/mergers/HMQcubes/H0100-H0100-3.0-0.001/HMQ-cube-H0100-H0100-3.0-0.001-009.hdf5
script: INFO: Number of simulations with usable data: 10
cm_funcs:StanModel: INFO: Applying transformation designated by log10_R
cm_funcs:StanModel: INFO: Applying transformation designated by log10_proj_density
cm_funcs:StanModel: INFO: Applying transformation designated by log10_proj_density_mean
cm_funcs:StanModel: INFO: Applying transformation designated by log10_proj_density_std
INFO:cmdstanpy:found newer exe file, not recompiling
INFO:cmdstanpy:CmdStan start processing
INFO:cmdstanpy:Chain [1] start processing
INFO:cmdstanpy:Chain [2] start processing
INFO:cmdstanpy:Chain [3] start processing
INFO:cmdstanpy:Chain [4] start processing
INFO:cmdstanpy:Chain [2] done processing
INFO:cmdstanpy:Chain [3] done processing
INFO:cmdstanpy:Chain [1] done processing
INFO:cmdstanpy:Chain [4] done processing
cm_funcs:StanModel: INFO: 
                  Mean      MCSE   StdDev  ...    N_Eff  N_Eff/s   R_hat
name                                       ...                          
lp__          -9.50300  0.160200  6.55900  ...   1677.0    1.234  1.0020
r_b_a          3.02000  0.007799  0.77380  ...   9844.0    7.247  0.9997
r_b_b          1.29300  0.003149  0.32370  ...  10560.0    7.776  1.0000
Re_a          18.97000  0.022610  2.30300  ...  10370.0    7.633  1.0000
Re_b           1.82800  0.002136  0.22010  ...  10620.0    7.815  1.0000
...                ...       ...      ...  ...      ...      ...     ...
log_lik[496]   1.94300  0.001980  0.17730  ...   8015.0    5.901  1.0000
log_lik[497]   1.56900  0.002059  0.18380  ...   7967.0    5.865  1.0000
log_lik[498]   1.38900  0.001914  0.16030  ...   7019.0    5.167  1.0000
log_lik[499]   1.24700  0.001562  0.09552  ...   3738.0    2.752  1.0000
log_lik[500]   0.09481  0.006184  0.50760  ...   6738.0    4.961  1.0000

[2066 rows x 9 columns]
cm_funcs:StanModel: INFO: 
Processing csv files: /scratch/pjohanss/arawling/collisionless_merger/stan_files/H0100-H0100-3.0-0.001/graham-20221020234143_1.csv, /scratch/pjohanss/arawling/collisionless_merger/stan_files/H0100-H0100-3.0-0.001/graham-20221020234143_2.csv, /scratch/pjohanss/arawling/collisionless_merger/stan_files/H0100-H0100-3.0-0.001/graham-20221020234143_3.csv, /scratch/pjohanss/arawling/collisionless_merger/stan_files/H0100-H0100-3.0-0.001/graham-20221020234143_4.csv

Checking sampler transitions treedepth.
Treedepth satisfactory for all transitions.

Checking sampler transitions for divergences.
No divergent transitions found.

Checking E-BFMI - sampler transitions HMC potential energy.
E-BFMI satisfactory.

Effective sample size satisfactory.

Split R-hat values satisfactory all parameters.

Processing complete, no problems detected.

cm_funcs:StanModel: INFO: Fitting level 99
cm_funcs:StanModel: INFO: Fitting level 95
cm_funcs:StanModel: INFO: Fitting level 90
cm_funcs:StanModel: INFO: Fitting level 50
INFO:cmdstanpy:Chain [1] start processing
INFO:cmdstanpy:Chain [2] start processing
INFO:cmdstanpy:Chain [3] start processing
INFO:cmdstanpy:Chain [4] start processing
INFO:cmdstanpy:Chain [4] done processing
INFO:cmdstanpy:Chain [1] done processing
INFO:cmdstanpy:Chain [2] done processing
INFO:cmdstanpy:Chain [3] done processing
Computed from 8000 posterior samples and 500 observations log-likelihood matrix.

         Estimate       SE
elpd_loo  1045.48    15.28
p_loo       10.24        -

There has been a warning during the calculation. Please check the results.
------

Pareto k diagnostic values:
                         Count   Pct.
(-Inf, 0.5]   (good)      498   99.6%
 (0.5, 0.7]   (ok)          1    0.2%
   (0.7, 1]   (bad)         1    0.2%
   (1, Inf)   (very bad)    0    0.0%


 Variable       5%      50%     95%     IQR
--------------------------------------------
    r_b_a:   1.883   2.949   4.407   1.044
    r_b_b:  0.8152   1.267   1.865  0.42300000000000004
     Re_a:   15.38   18.86   22.95  3.0700000000000003
     Re_b:   1.481   1.817   2.209  0.30100000000000016
    I_b_a:   3.775   4.971   6.344  1.0760000000000005
    I_b_b:   8.329   11.14   14.33  2.4779999999999998
      g_a:  0.3508   0.697   1.213  0.33919999999999995
      g_b:   1.669   3.364   5.906  1.7200000000000002
      n_a:    3.83   5.523   7.575  1.5460000000000003
      n_b:   1.954   2.996   4.284  0.9779999999999998


      Variable       5%      50%     95%     IQR
-------------------------------------------------
 r_b_posterior:   0.569   2.089   5.267    1.85
  Re_posterior:   6.615  10.211  14.891   3.333
 I_b_posterior:   0.165   0.412   0.844  0.26600000000000007
   g_posterior:   0.002   0.123   0.771   0.267
   n_posterior:   0.734   1.724   3.423  1.0870000000000002

INFO:cmdstanpy:deleting tmpfiles dir: /tmp/arawling/1556136/tmprx3w0xat
INFO:cmdstanpy:done
script: INFO: Loading file: /scratch/pjohanss/arawling/collisionless_merger/mergers/HMQcubes/H0050-H0050-3.0-0.001/HMQ-cube-H0050-H0050-3.0-0.001-000.hdf5
script: INFO: Loading file: /scratch/pjohanss/arawling/collisionless_merger/mergers/HMQcubes/H0050-H0050-3.0-0.001/HMQ-cube-H0050-H0050-3.0-0.001-001.hdf5
script: INFO: Loading file: /scratch/pjohanss/arawling/collisionless_merger/mergers/HMQcubes/H0050-H0050-3.0-0.001/HMQ-cube-H0050-H0050-3.0-0.001-002.hdf5
script: INFO: Loading file: /scratch/pjohanss/arawling/collisionless_merger/mergers/HMQcubes/H0050-H0050-3.0-0.001/HMQ-cube-H0050-H0050-3.0-0.001-003.hdf5
script: INFO: Loading file: /scratch/pjohanss/arawling/collisionless_merger/mergers/HMQcubes/H0050-H0050-3.0-0.001/HMQ-cube-H0050-H0050-3.0-0.001-004.hdf5
script: INFO: Loading file: /scratch/pjohanss/arawling/collisionless_merger/mergers/HMQcubes/H0050-H0050-3.0-0.001/HMQ-cube-H0050-H0050-3.0-0.001-005.hdf5
script: INFO: Loading file: /scratch/pjohanss/arawling/collisionless_merger/mergers/HMQcubes/H0050-H0050-3.0-0.001/HMQ-cube-H0050-H0050-3.0-0.001-006.hdf5
script: INFO: Loading file: /scratch/pjohanss/arawling/collisionless_merger/mergers/HMQcubes/H0050-H0050-3.0-0.001/HMQ-cube-H0050-H0050-3.0-0.001-007.hdf5
script: INFO: Loading file: /scratch/pjohanss/arawling/collisionless_merger/mergers/HMQcubes/H0050-H0050-3.0-0.001/HMQ-cube-H0050-H0050-3.0-0.001-008.hdf5
script: INFO: Loading file: /scratch/pjohanss/arawling/collisionless_merger/mergers/HMQcubes/H0050-H0050-3.0-0.001/HMQ-cube-H0050-H0050-3.0-0.001-009.hdf5
script: INFO: Number of simulations with usable data: 10
cm_funcs:StanModel: INFO: Applying transformation designated by log10_R
cm_funcs:StanModel: INFO: Applying transformation designated by log10_proj_density
cm_funcs:StanModel: INFO: Applying transformation designated by log10_proj_density_mean
cm_funcs:StanModel: INFO: Applying transformation designated by log10_proj_density_std
INFO:cmdstanpy:found newer exe file, not recompiling
INFO:cmdstanpy:CmdStan start processing
INFO:cmdstanpy:Chain [1] start processing
INFO:cmdstanpy:Chain [2] start processing
INFO:cmdstanpy:Chain [3] start processing
INFO:cmdstanpy:Chain [4] start processing
INFO:cmdstanpy:Chain [3] done processing
INFO:cmdstanpy:Chain [1] done processing
INFO:cmdstanpy:Chain [4] done processing
INFO:cmdstanpy:Chain [2] done processing
cm_funcs:StanModel: INFO: 
                 Mean      MCSE   StdDev  ...   N_Eff  N_Eff/s   R_hat
name                                      ...                         
lp__         -12.1600  0.236200  7.65600  ...  1051.0   0.7744  1.0020
r_b_a          2.3780  0.008922  0.64740  ...  5265.0   3.8810  1.0000
r_b_b          1.4610  0.003875  0.36990  ...  9116.0   6.7190  1.0000
Re_a          19.0400  0.023620  2.32500  ...  9693.0   7.1440  0.9999
Re_b           1.8120  0.002238  0.21980  ...  9647.0   7.1100  0.9998
...               ...       ...      ...  ...     ...      ...     ...
log_lik[496]   1.9160  0.001492  0.13640  ...  8362.0   6.1630  1.0010
log_lik[497]   1.7610  0.001392  0.12180  ...  7651.0   5.6390  1.0000
log_lik[498]   1.4810  0.000954  0.07705  ...  6522.0   4.8070  1.0000
log_lik[499]   1.1280  0.001023  0.07462  ...  5324.0   3.9240  1.0000
log_lik[500]  -0.2468  0.004771  0.39920  ...  7001.0   5.1600  1.0010

[2066 rows x 9 columns]
cm_funcs:StanModel: INFO: 
Processing csv files: /scratch/pjohanss/arawling/collisionless_merger/stan_files/H0050-H0050-3.0-0.001/graham-20221021000716_1.csv, /scratch/pjohanss/arawling/collisionless_merger/stan_files/H0050-H0050-3.0-0.001/graham-20221021000716_2.csv, /scratch/pjohanss/arawling/collisionless_merger/stan_files/H0050-H0050-3.0-0.001/graham-20221021000716_3.csv, /scratch/pjohanss/arawling/collisionless_merger/stan_files/H0050-H0050-3.0-0.001/graham-20221021000716_4.csv

Checking sampler transitions treedepth.
Treedepth satisfactory for all transitions.

Checking sampler transitions for divergences.
No divergent transitions found.

Checking E-BFMI - sampler transitions HMC potential energy.
E-BFMI satisfactory.

Effective sample size satisfactory.

Split R-hat values satisfactory all parameters.

Processing complete, no problems detected.

cm_funcs:StanModel: INFO: Fitting level 99
cm_funcs:StanModel: INFO: Fitting level 95
cm_funcs:StanModel: INFO: Fitting level 90
cm_funcs:StanModel: INFO: Fitting level 50
INFO:cmdstanpy:Chain [1] start processing
INFO:cmdstanpy:Chain [2] start processing
INFO:cmdstanpy:Chain [3] start processing
INFO:cmdstanpy:Chain [4] start processing
INFO:cmdstanpy:Chain [3] done processing
INFO:cmdstanpy:Chain [1] done processing
INFO:cmdstanpy:Chain [2] done processing
INFO:cmdstanpy:Chain [4] done processing
Computed from 8000 posterior samples and 500 observations log-likelihood matrix.

         Estimate       SE
elpd_loo  1037.64    17.10
p_loo        8.69        -
------

Pareto k diagnostic values:
                         Count   Pct.
(-Inf, 0.5]   (good)      500  100.0%
 (0.5, 0.7]   (ok)          0    0.0%
   (0.7, 1]   (bad)         0    0.0%
   (1, Inf)   (very bad)    0    0.0%


 Variable       5%      50%     95%     IQR
--------------------------------------------
    r_b_a:   1.413   2.324   3.546  0.8710000000000002
    r_b_b:  0.9004   1.429   2.114   0.488
     Re_a:   15.41   18.98   22.99  3.219999999999999
     Re_b:   1.473   1.803    2.19  0.30000000000000004
    I_b_a:   4.187   5.564   7.151  1.2129999999999992
    I_b_b:   7.243   9.694   12.56   2.141
      g_a:  0.2582  0.6042   1.133  0.35729999999999995
      g_b:   1.454    3.05    5.35  1.5660000000000003
      n_a:   3.938   5.581   7.729   1.521
      n_b:   1.857   2.803   4.019   0.879


      Variable       5%      50%     95%     IQR
-------------------------------------------------
 r_b_posterior:   0.295    1.39   3.917  1.3940000000000001
  Re_posterior:   6.706  10.261  15.001  3.363999999999999
 I_b_posterior:    0.23   0.539   1.076  0.33299999999999996
   g_posterior:   0.001   0.106   0.778  0.26099999999999995
   n_posterior:   0.796   1.884   3.667   1.148

INFO:cmdstanpy:deleting tmpfiles dir: /tmp/arawling/1556136/tmphed7_1he
INFO:cmdstanpy:done
